[2026-05-06 10:48:00] Upload public/scss/style.min.css to cos://hugo-1301811579/public/scss/style.min.css successed(skip),cost 142ms
[2026-05-06 10:48:00] Upload public/tags/page to cos://hugo-1301811579/public/tags/page/ successed,cost 186ms
[2026-05-06 10:48:00] Upload public/tags/index.html to cos://hugo-1301811579/public/tags/index.html successed,cost 212ms
[2026-05-06 10:48:00] Upload public/categories/page to cos://hugo-1301811579/public/categories/page/ successed,cost 74ms
[2026-05-06 10:48:00] Upload public/page/1 to cos://hugo-1301811579/public/page/1/ successed,cost 67ms
[2026-05-06 10:48:00] Upload public/index.html to cos://hugo-1301811579/public/index.html successed,cost 138ms
[2026-05-06 10:48:00] Upload public/categories/index.xml to cos://hugo-1301811579/public/categories/index.xml successed,cost 116ms
[2026-05-06 10:48:00] Upload public/page to cos://hugo-1301811579/public/page/ successed,cost 56ms
[2026-05-06 10:48:00] Upload public/js/script.min.js to cos://hugo-1301811579/public/js/script.min.js successed(skip),cost 45ms
[2026-05-06 10:48:00] Upload public/tags to cos://hugo-1301811579/public/tags/ successed,cost 56ms
[2026-05-06 10:48:00] Upload public/page/1/index.html to cos://hugo-1301811579/public/page/1/index.html successed,cost 125ms
[2026-05-06 10:48:00] Upload public/tags/index.xml to cos://hugo-1301811579/public/tags/index.xml successed,cost 137ms
[2026-05-06 10:48:00] Upload public/tags/page/1/index.html to cos://hugo-1301811579/public/tags/page/1/index.html successed,cost 131ms
[2026-05-06 10:48:00] Upload public/categories/index.html to cos://hugo-1301811579/public/categories/index.html successed,cost 112ms
[2026-05-06 10:48:01] Upload public/categories/page/1 to cos://hugo-1301811579/public/categories/page/1/ successed,cost 60ms
[2026-05-06 10:48:01] Upload public/js to cos://hugo-1301811579/public/js/ successed,cost 56ms
[2026-05-06 10:48:01] Upload public/categories/page/1/index.html to cos://hugo-1301811579/public/categories/page/1/index.html successed,cost 117ms
[2026-05-06 10:48:01] Upload public/scss to cos://hugo-1301811579/public/scss/ successed,cost 64ms
[2026-05-06 10:48:01] Upload public/tags/page/1 to cos://hugo-1301811579/public/tags/page/1/ successed,cost 54ms
[2026-05-06 10:48:01] Upload public/sitemap.xml to cos://hugo-1301811579/public/sitemap.xml successed,cost 109ms
[2026-05-06 10:48:01] Upload public/categories to cos://hugo-1301811579/public/categories/ successed,cost 66ms
[2026-05-06 10:48:01] Upload public/404.html to cos://hugo-1301811579/public/404.html successed,cost 120ms
[2026-05-06 10:48:01] Upload public/index.xml to cos://hugo-1301811579/public/index.xml successed,cost 134ms
