[2026-05-06 10:30:17] Upload public/images/star-fill.svg to cos://hugo-1301811579/public/images/star-fill.svg successed,cost 217ms
[2026-05-06 10:30:17] Upload public/categories/page/1 to cos://hugo-1301811579/public/categories/page/1/ successed,cost 220ms
[2026-05-06 10:30:17] Upload public/index.xml to cos://hugo-1301811579/public/index.xml successed,cost 226ms
[2026-05-06 10:30:17] Upload public/fonts/OpenSans-Medium.woff to cos://hugo-1301811579/public/fonts/OpenSans-Medium.woff successed,cost 196ms
[2026-05-06 10:30:17] Upload public/fonts/OpenSans-Regular.woff to cos://hugo-1301811579/public/fonts/OpenSans-Regular.woff successed,cost 196ms
[2026-05-06 10:30:17] Upload public/scss/app.min.c091b53f171cc88af4baad67ec3c4b9592880ce439d765401c21785879c95998.css to cos://hugo-1301811579/public/scss/app.min.c091b53f171cc88af4baad67ec3c4b9592880ce439d765401c21785879c95998.css successed,cost 214ms
[2026-05-06 10:30:17] Upload public/tags to cos://hugo-1301811579/public/tags/ successed,cost 93ms
[2026-05-06 10:30:17] Upload public/fonts/OpenSans-Light.woff2 to cos://hugo-1301811579/public/fonts/OpenSans-Light.woff2 successed,cost 148ms
[2026-05-06 10:30:17] Upload public/fonts/OpenSans-Light.woff to cos://hugo-1301811579/public/fonts/OpenSans-Light.woff successed,cost 162ms
[2026-05-06 10:30:17] Upload public/categories/index.xml to cos://hugo-1301811579/public/categories/index.xml successed,cost 118ms
[2026-05-06 10:30:17] Upload public/images to cos://hugo-1301811579/public/images/ successed,cost 66ms
[2026-05-06 10:30:17] Upload public/js to cos://hugo-1301811579/public/js/ successed,cost 65ms
[2026-05-06 10:30:17] Upload public/tags/page to cos://hugo-1301811579/public/tags/page/ successed,cost 52ms
[2026-05-06 10:30:17] Upload public/tags/page/1 to cos://hugo-1301811579/public/tags/page/1/ successed,cost 60ms
[2026-05-06 10:30:17] Upload public/categories to cos://hugo-1301811579/public/categories/ successed,cost 60ms
[2026-05-06 10:30:17] Upload public/fonts/OpenSans-Bold.woff to cos://hugo-1301811579/public/fonts/OpenSans-Bold.woff successed,cost 155ms
[2026-05-06 10:30:17] Upload public/404.html to cos://hugo-1301811579/public/404.html successed,cost 134ms
[2026-05-06 10:30:17] Upload public/assets to cos://hugo-1301811579/public/assets/ successed,cost 58ms
[2026-05-06 10:30:17] Upload public/page to cos://hugo-1301811579/public/page/ successed,cost 67ms
[2026-05-06 10:30:17] Upload public/fonts to cos://hugo-1301811579/public/fonts/ successed,cost 63ms
[2026-05-06 10:30:17] Upload public/categories/page/1/index.html to cos://hugo-1301811579/public/categories/page/1/index.html successed,cost 116ms
[2026-05-06 10:30:17] Upload public/images/favicon.png to cos://hugo-1301811579/public/images/favicon.png successed,cost 119ms
[2026-05-06 10:30:17] Upload public/fonts/OpenSans-Medium.woff2 to cos://hugo-1301811579/public/fonts/OpenSans-Medium.woff2 successed,cost 126ms
[2026-05-06 10:30:17] Upload public/tags/page/1/index.html to cos://hugo-1301811579/public/tags/page/1/index.html successed,cost 112ms
[2026-05-06 10:30:17] Upload public/.DS_Store to cos://hugo-1301811579/public/.DS_Store successed,cost 125ms
[2026-05-06 10:30:18] Upload public/categories/index.html to cos://hugo-1301811579/public/categories/index.html successed,cost 118ms
[2026-05-06 10:30:18] Upload public/images/star.svg to cos://hugo-1301811579/public/images/star.svg successed,cost 106ms
[2026-05-06 10:30:18] Upload public/js/script.min.js to cos://hugo-1301811579/public/js/script.min.js successed,cost 116ms
[2026-05-06 10:30:18] Upload public/page/1 to cos://hugo-1301811579/public/page/1/ successed,cost 58ms
[2026-05-06 10:30:18] Upload public/scss to cos://hugo-1301811579/public/scss/ successed,cost 52ms
[2026-05-06 10:30:18] Upload public/tags/index.xml to cos://hugo-1301811579/public/tags/index.xml successed,cost 113ms
[2026-05-06 10:30:18] Upload public/scss/style.min.css to cos://hugo-1301811579/public/scss/style.min.css successed,cost 123ms
[2026-05-06 10:30:18] Upload public/fonts/OpenSans-Regular.woff2 to cos://hugo-1301811579/public/fonts/OpenSans-Regular.woff2 successed,cost 130ms
[2026-05-06 10:30:18] Upload public/assets/css to cos://hugo-1301811579/public/assets/css/ successed,cost 54ms
[2026-05-06 10:30:18] Upload public/assets/css/stylesheet.a1a1b118b3e83435265dc39da18e54244bcc0e5481d1d034aadc0c899c51e15c.css to cos://hugo-1301811579/public/assets/css/stylesheet.a1a1b118b3e83435265dc39da18e54244bcc0e5481d1d034aadc0c899c51e15c.css successed(skip),cost 60ms
[2026-05-06 10:30:18] Upload public/categories/page to cos://hugo-1301811579/public/categories/page/ successed,cost 65ms
[2026-05-06 10:30:18] Upload public/page/1/index.html to cos://hugo-1301811579/public/page/1/index.html successed(skip),cost 56ms
[2026-05-06 10:30:18] Upload public/sitemap.xml to cos://hugo-1301811579/public/sitemap.xml successed(skip),cost 53ms
[2026-05-06 10:30:18] Upload public/index.html to cos://hugo-1301811579/public/index.html successed,cost 145ms
[2026-05-06 10:30:18] Upload public/fonts/OpenSans-Bold.woff2 to cos://hugo-1301811579/public/fonts/OpenSans-Bold.woff2 successed,cost 121ms
[2026-05-06 10:30:18] Upload public/ts to cos://hugo-1301811579/public/ts/ successed,cost 53ms
[2026-05-06 10:30:18] Upload public/tags/index.html to cos://hugo-1301811579/public/tags/index.html successed,cost 127ms
[2026-05-06 10:30:18] Upload public/ts/bundle.js to cos://hugo-1301811579/public/ts/bundle.js successed,cost 160ms
