[2026-05-06 11:04:54] Upload public/categories to cos://hugo-1301811579/public/--delete/categories/ successed,cost 93ms
[2026-05-06 11:04:54] Upload public/404.html to cos://hugo-1301811579/public/--delete/404.html successed(skip),cost 162ms
[2026-05-06 11:04:54] Upload public/categories/index.html to cos://hugo-1301811579/public/--delete/categories/index.html successed(skip),cost 207ms
[2026-05-06 11:04:54] Upload public/categories/index.xml to cos://hugo-1301811579/public/--delete/categories/index.xml successed(skip),cost 130ms
[2026-05-06 11:04:54] Upload public/categories/page to cos://hugo-1301811579/public/--delete/categories/page/ successed,cost 68ms
[2026-05-06 11:04:54] Upload public/index.html to cos://hugo-1301811579/public/--delete/index.html successed(skip),cost 44ms
[2026-05-06 11:04:54] Upload public/categories/page/1 to cos://hugo-1301811579/public/--delete/categories/page/1/ successed,cost 73ms
[2026-05-06 11:04:54] Upload public/categories/page/1/index.html to cos://hugo-1301811579/public/--delete/categories/page/1/index.html successed(skip),cost 62ms
[2026-05-06 11:04:54] Upload public/index.xml to cos://hugo-1301811579/public/--delete/index.xml successed(skip),cost 52ms
[2026-05-06 11:04:54] Upload public/js to cos://hugo-1301811579/public/--delete/js/ successed,cost 69ms
[2026-05-06 11:04:54] Upload public/js/script.min.js to cos://hugo-1301811579/public/--delete/js/script.min.js successed(skip),cost 68ms
[2026-05-06 11:04:54] Upload public/page to cos://hugo-1301811579/public/--delete/page/ successed,cost 66ms
[2026-05-06 11:04:54] Upload public/page/1/index.html to cos://hugo-1301811579/public/--delete/page/1/index.html successed(skip),cost 63ms
[2026-05-06 11:04:54] Upload public/page/1 to cos://hugo-1301811579/public/--delete/page/1/ successed,cost 71ms
[2026-05-06 11:04:54] Upload public/scss to cos://hugo-1301811579/public/--delete/scss/ successed,cost 64ms
[2026-05-06 11:04:54] Upload public/scss/style.min.css to cos://hugo-1301811579/public/--delete/scss/style.min.css successed(skip),cost 56ms
[2026-05-06 11:04:54] Upload public/sitemap.xml to cos://hugo-1301811579/public/--delete/sitemap.xml successed(skip),cost 52ms
[2026-05-06 11:04:54] Upload public/tags to cos://hugo-1301811579/public/--delete/tags/ successed,cost 57ms
[2026-05-06 11:04:54] Upload public/tags/index.xml to cos://hugo-1301811579/public/--delete/tags/index.xml successed(skip),cost 53ms
[2026-05-06 11:04:54] Upload public/tags/index.html to cos://hugo-1301811579/public/--delete/tags/index.html successed(skip),cost 59ms
[2026-05-06 11:04:54] Upload public/tags/page to cos://hugo-1301811579/public/--delete/tags/page/ successed,cost 55ms
[2026-05-06 11:04:54] Upload public/tags/page/1 to cos://hugo-1301811579/public/--delete/tags/page/1/ successed,cost 59ms
[2026-05-06 11:04:54] Upload public/tags/page/1/index.html to cos://hugo-1301811579/public/--delete/tags/page/1/index.html successed(skip),cost 53ms
