[2026-05-06 11:11:36] Upload public/tags/index.html to cos://hugo-1301811579/public/tags/index.html successed,cost 222ms
[2026-05-06 11:11:36] Upload public/scss to cos://hugo-1301811579/public/scss/ successed,cost 222ms
[2026-05-06 11:11:36] Upload public/tags/page/1/index.html to cos://hugo-1301811579/public/tags/page/1/index.html successed,cost 268ms
[2026-05-06 11:11:36] Upload public/tags/page to cos://hugo-1301811579/public/tags/page/ successed,cost 53ms
[2026-05-06 11:11:36] Upload public/categories to cos://hugo-1301811579/public/categories/ successed,cost 66ms
[2026-05-06 11:11:36] Upload public/categories/page to cos://hugo-1301811579/public/categories/page/ successed,cost 57ms
[2026-05-06 11:11:36] Upload public/js to cos://hugo-1301811579/public/js/ successed,cost 49ms
[2026-05-06 11:11:36] Upload public/categories/index.html to cos://hugo-1301811579/public/categories/index.html successed,cost 131ms
[2026-05-06 11:11:36] Upload public/categories/page/1/index.html to cos://hugo-1301811579/public/categories/page/1/index.html successed,cost 136ms
[2026-05-06 11:11:36] Upload public/tags/index.xml to cos://hugo-1301811579/public/tags/index.xml successed,cost 120ms
[2026-05-06 11:11:36] Upload public/categories/index.xml to cos://hugo-1301811579/public/categories/index.xml successed,cost 137ms
[2026-05-06 11:11:36] Upload public/page to cos://hugo-1301811579/public/page/ successed,cost 49ms
[2026-05-06 11:11:36] Upload public/index.html to cos://hugo-1301811579/public/index.html successed,cost 132ms
[2026-05-06 11:11:36] Upload public/page/1 to cos://hugo-1301811579/public/page/1/ successed,cost 68ms
[2026-05-06 11:11:36] Upload public/scss/style.min.css to cos://hugo-1301811579/public/scss/style.min.css successed(skip),cost 61ms
[2026-05-06 11:11:36] Upload public/tags/page/1 to cos://hugo-1301811579/public/tags/page/1/ successed,cost 66ms
[2026-05-06 11:11:36] Upload public/page/1/index.html to cos://hugo-1301811579/public/page/1/index.html successed,cost 119ms
[2026-05-06 11:11:36] Upload public/categories/page/1 to cos://hugo-1301811579/public/categories/page/1/ successed,cost 62ms
[2026-05-06 11:11:36] Upload public/404.html to cos://hugo-1301811579/public/404.html successed,cost 133ms
[2026-05-06 11:11:36] Upload public/index.xml to cos://hugo-1301811579/public/index.xml successed,cost 112ms
[2026-05-06 11:11:36] Upload public/js/script.min.js to cos://hugo-1301811579/public/js/script.min.js successed(skip),cost 58ms
[2026-05-06 11:11:36] Upload public/tags to cos://hugo-1301811579/public/tags/ successed,cost 58ms
[2026-05-06 11:11:36] Upload public/sitemap.xml to cos://hugo-1301811579/public/sitemap.xml successed,cost 122ms
