[2026-05-06 10:34:59] Upload public/404.html to cos://hugo-1301811579/public/404.html successed(skip),cost 81ms
[2026-05-06 10:34:59] Upload public/page/1/index.html to cos://hugo-1301811579/public/page/1/index.html successed(skip),cost 150ms
[2026-05-06 10:34:59] Upload public/tags/index.html to cos://hugo-1301811579/public/tags/index.html successed(skip),cost 54ms
[2026-05-06 10:34:59] Upload public/categories/index.xml to cos://hugo-1301811579/public/categories/index.xml successed(skip),cost 211ms
[2026-05-06 10:34:59] Upload public/page/1 to cos://hugo-1301811579/public/page/1/ successed,cost 161ms
[2026-05-06 10:34:59] Upload public/categories/page/1/index.html to cos://hugo-1301811579/public/categories/page/1/index.html successed(skip),cost 58ms
[2026-05-06 10:34:59] Upload public/tags/page/1 to cos://hugo-1301811579/public/tags/page/1/ successed,cost 94ms
[2026-05-06 10:34:59] Upload public/index.html to cos://hugo-1301811579/public/index.html successed(skip),cost 63ms
[2026-05-06 10:34:59] Upload public/js/script.min.js to cos://hugo-1301811579/public/js/script.min.js successed(skip),cost 61ms
[2026-05-06 10:34:59] Upload public/page to cos://hugo-1301811579/public/page/ successed,cost 55ms
[2026-05-06 10:34:59] Upload public/scss to cos://hugo-1301811579/public/scss/ successed,cost 64ms
[2026-05-06 10:34:59] Upload public/scss/style.min.css to cos://hugo-1301811579/public/scss/style.min.css successed(skip),cost 56ms
[2026-05-06 10:34:59] Upload public/sitemap.xml to cos://hugo-1301811579/public/sitemap.xml successed(skip),cost 49ms
[2026-05-06 10:34:59] Upload public/tags to cos://hugo-1301811579/public/tags/ successed,cost 71ms
[2026-05-06 10:34:59] Upload public/categories/page/1 to cos://hugo-1301811579/public/categories/page/1/ successed,cost 64ms
[2026-05-06 10:34:59] Upload public/index.xml to cos://hugo-1301811579/public/index.xml successed(skip),cost 59ms
[2026-05-06 10:34:59] Upload public/js to cos://hugo-1301811579/public/js/ successed,cost 61ms
[2026-05-06 10:34:59] Upload public/categories/page to cos://hugo-1301811579/public/categories/page/ successed,cost 73ms
[2026-05-06 10:34:59] Upload public/tags/index.xml to cos://hugo-1301811579/public/tags/index.xml successed(skip),cost 52ms
[2026-05-06 10:34:59] Upload public/tags/page/1/index.html to cos://hugo-1301811579/public/tags/page/1/index.html successed(skip),cost 57ms
[2026-05-06 10:34:59] Upload public/categories to cos://hugo-1301811579/public/categories/ successed,cost 73ms
[2026-05-06 10:34:59] Upload public/tags/page to cos://hugo-1301811579/public/tags/page/ successed,cost 84ms
[2026-05-06 10:34:59] Upload public/categories/index.html to cos://hugo-1301811579/public/categories/index.html successed(skip),cost 49ms
