[2026-05-06 10:58:27] Upload public/categories to cos://hugo-1301811579/public/--delete/categories/ successed,cost 167ms
[2026-05-06 10:58:27] Upload public/404.html to cos://hugo-1301811579/public/--delete/404.html successed,cost 256ms
[2026-05-06 10:58:27] Upload public/categories/page to cos://hugo-1301811579/public/--delete/categories/page/ successed,cost 72ms
[2026-05-06 10:58:27] Upload public/categories/index.html to cos://hugo-1301811579/public/--delete/categories/index.html successed,cost 327ms
[2026-05-06 10:58:27] Upload public/categories/index.xml to cos://hugo-1301811579/public/--delete/categories/index.xml successed,cost 187ms
[2026-05-06 10:58:27] Upload public/categories/page/1 to cos://hugo-1301811579/public/--delete/categories/page/1/ successed,cost 65ms
[2026-05-06 10:58:27] Upload public/categories/page/1/index.html to cos://hugo-1301811579/public/--delete/categories/page/1/index.html successed,cost 122ms
[2026-05-06 10:58:27] Upload public/index.html to cos://hugo-1301811579/public/--delete/index.html successed,cost 142ms
[2026-05-06 10:58:27] Upload public/js to cos://hugo-1301811579/public/--delete/js/ successed,cost 71ms
[2026-05-06 10:58:27] Upload public/index.xml to cos://hugo-1301811579/public/--delete/index.xml successed,cost 137ms
[2026-05-06 10:58:27] Upload public/page to cos://hugo-1301811579/public/--delete/page/ successed,cost 67ms
[2026-05-06 10:58:27] Upload public/page/1 to cos://hugo-1301811579/public/--delete/page/1/ successed,cost 59ms
[2026-05-06 10:58:27] Upload public/js/script.min.js to cos://hugo-1301811579/public/--delete/js/script.min.js successed,cost 114ms
[2026-05-06 10:58:27] Upload public/scss to cos://hugo-1301811579/public/--delete/scss/ successed,cost 61ms
[2026-05-06 10:58:27] Upload public/page/1/index.html to cos://hugo-1301811579/public/--delete/page/1/index.html successed,cost 128ms
[2026-05-06 10:58:27] Upload public/tags to cos://hugo-1301811579/public/--delete/tags/ successed,cost 64ms
[2026-05-06 10:58:27] Upload public/sitemap.xml to cos://hugo-1301811579/public/--delete/sitemap.xml successed,cost 131ms
[2026-05-06 10:58:27] Upload public/scss/style.min.css to cos://hugo-1301811579/public/--delete/scss/style.min.css successed,cost 203ms
[2026-05-06 10:58:28] Upload public/tags/page to cos://hugo-1301811579/public/--delete/tags/page/ successed,cost 55ms
[2026-05-06 10:58:28] Upload public/tags/index.xml to cos://hugo-1301811579/public/--delete/tags/index.xml successed,cost 125ms
[2026-05-06 10:58:28] Upload public/tags/index.html to cos://hugo-1301811579/public/--delete/tags/index.html successed,cost 127ms
[2026-05-06 10:58:28] Upload public/tags/page/1 to cos://hugo-1301811579/public/--delete/tags/page/1/ successed,cost 55ms
[2026-05-06 10:58:28] Upload public/tags/page/1/index.html to cos://hugo-1301811579/public/--delete/tags/page/1/index.html successed,cost 114ms
