[2026-05-06 11:19:38] Upload public/categories to cos://hugo-1301811579/public/categories/ successed,cost 138ms
[2026-05-06 11:19:38] Upload public/categories/page to cos://hugo-1301811579/public/categories/page/ successed,cost 191ms
[2026-05-06 11:19:38] Upload public/categories/index.xml to cos://hugo-1301811579/public/categories/index.xml successed,cost 204ms
[2026-05-06 11:19:38] Upload public/js/script.min.js to cos://hugo-1301811579/public/js/script.min.js successed(skip),cost 60ms
[2026-05-06 11:19:38] Upload public/page/1 to cos://hugo-1301811579/public/page/1/ successed,cost 65ms
[2026-05-06 11:19:38] Upload public/categories/page/1 to cos://hugo-1301811579/public/categories/page/1/ successed,cost 138ms
[2026-05-06 11:19:39] Upload public/scss/style.min.css to cos://hugo-1301811579/public/scss/style.min.css successed(skip),cost 56ms
[2026-05-06 11:19:39] Upload public/js to cos://hugo-1301811579/public/js/ successed,cost 102ms
[2026-05-06 11:19:39] Upload public/tags/index.html to cos://hugo-1301811579/public/tags/index.html successed,cost 122ms
[2026-05-06 11:19:39] Upload public/404.html to cos://hugo-1301811579/public/404.html successed,cost 121ms
[2026-05-06 11:19:39] Upload public/page to cos://hugo-1301811579/public/page/ successed,cost 68ms
[2026-05-06 11:19:39] Upload public/index.xml to cos://hugo-1301811579/public/index.xml successed,cost 120ms
[2026-05-06 11:19:39] Upload public/categories/page/1/index.html to cos://hugo-1301811579/public/categories/page/1/index.html successed,cost 144ms
[2026-05-06 11:19:39] Upload public/tags/page/1 to cos://hugo-1301811579/public/tags/page/1/ successed,cost 51ms
[2026-05-06 11:19:39] Upload public/tags/page to cos://hugo-1301811579/public/tags/page/ successed,cost 55ms
[2026-05-06 11:19:39] Upload public/tags/page/1/index.html to cos://hugo-1301811579/public/tags/page/1/index.html successed,cost 118ms
[2026-05-06 11:19:39] Upload public/tags/index.xml to cos://hugo-1301811579/public/tags/index.xml successed,cost 117ms
[2026-05-06 11:19:39] Upload public/categories/index.html to cos://hugo-1301811579/public/categories/index.html successed,cost 113ms
[2026-05-06 11:19:39] Upload public/page/1/index.html to cos://hugo-1301811579/public/page/1/index.html successed,cost 131ms
[2026-05-06 11:19:39] Upload public/index.html to cos://hugo-1301811579/public/index.html successed,cost 144ms
[2026-05-06 11:19:39] Upload public/scss to cos://hugo-1301811579/public/scss/ successed,cost 58ms
[2026-05-06 11:19:39] Upload public/tags to cos://hugo-1301811579/public/tags/ successed,cost 55ms
[2026-05-06 11:19:39] Upload public/sitemap.xml to cos://hugo-1301811579/public/sitemap.xml successed,cost 119ms
